<?xml version="1.0" encoding="UTF-8"?>
<!-- Generated by org.testng.reporters.JUnitReportReporter -->
<testsuite skipped="0" hostname="M3102945" name="tests.TestFlightBookingwithExcel" tests="4" failures="0" timestamp="22 Sep 2020 19:20:36 GMT" time="3.297" errors="0">
  <testcase name="selectDestinations" time="1.125" classname="tests.TestFlightBookingwithExcel"/>
  <testcase name="bookFlight" time="0.848" classname="tests.TestFlightBookingwithExcel"/>
  <testcase name="passengerDetails" time="1.258" classname="tests.TestFlightBookingwithExcel"/>
  <testcase name="flightConfirmation" time="0.066" classname="tests.TestFlightBookingwithExcel"/>
</testsuite> <!-- tests.TestFlightBookingwithExcel -->
